<?xml version="1.0" encoding="UTF-8"?>
<testng-results ignored="0" total="1" passed="1" failed="0" skipped="0">
  <reporter-output>
  </reporter-output>
  <suite started-at="2023-09-03T17:12:35 IST" name="Suite" finished-at="2023-09-03T17:13:21 IST" duration-ms="46315">
    <groups>
    </groups>
    <test started-at="2023-09-03T17:12:35 IST" name="Test" finished-at="2023-09-03T17:13:21 IST" duration-ms="46315">
      <class name="Testcases.HomepageTest">
        <test-method is-config="true" signature="CreateDir()[pri:0, instance:Testcases.HomepageTest@e25951c]" started-at="2023-09-03T17:12:35 IST" name="CreateDir" finished-at="2023-09-03T17:12:35 IST" duration-ms="154" status="PASS">
          <reporter-output>
          </reporter-output>
        </test-method> <!-- CreateDir -->
        <test-method is-config="true" signature="launchBrowser()[pri:0, instance:Testcases.HomepageTest@e25951c]" started-at="2023-09-03T17:12:35 IST" name="launchBrowser" finished-at="2023-09-03T17:12:48 IST" duration-ms="13270" status="PASS">
          <reporter-output>
          </reporter-output>
        </test-method> <!-- launchBrowser -->
        <test-method is-config="true" signature="setupReport()[pri:0, instance:Testcases.HomepageTest@e25951c]" started-at="2023-09-03T17:12:48 IST" name="setupReport" finished-at="2023-09-03T17:12:49 IST" duration-ms="875" status="PASS">
          <reporter-output>
          </reporter-output>
        </test-method> <!-- setupReport -->
        <test-method is-config="true" signature="register(java.lang.reflect.Method)[pri:0, instance:Testcases.HomepageTest@e25951c]" started-at="2023-09-03T17:12:49 IST" name="register" finished-at="2023-09-03T17:12:49 IST" duration-ms="25" status="PASS">
          <params>
            <param index="0">
              <value>
                <![CDATA[public void Testcases.HomepageTest.Validate() throws java.io.IOException,java.lang.InterruptedException]]>
              </value>
            </param>
          </params>
          <reporter-output>
          </reporter-output>
        </test-method> <!-- register -->
        <test-method signature="Validate()[pri:0, instance:Testcases.HomepageTest@e25951c]" started-at="2023-09-03T17:12:50 IST" name="Validate" description="This is login validate" finished-at="2023-09-03T17:13:17 IST" duration-ms="27354" status="PASS">
          <reporter-output>
          </reporter-output>
        </test-method> <!-- Validate -->
        <test-method is-config="true" signature="getResult(org.testng.ITestResult)[pri:0, instance:Testcases.HomepageTest@e25951c]" started-at="2023-09-03T17:13:18 IST" name="getResult" finished-at="2023-09-03T17:13:20 IST" duration-ms="2003" status="PASS">
          <params>
            <param index="0">
              <value>
                <![CDATA[[TestResult name=Validate status=SUCCESS method=HomepageTest.Validate()[pri:0, instance:Testcases.HomepageTest@e25951c] output={null}]]]>
              </value>
            </param>
          </params>
          <reporter-output>
          </reporter-output>
        </test-method> <!-- getResult -->
        <test-method is-config="true" signature="tearDown()[pri:0, instance:Testcases.HomepageTest@e25951c]" started-at="2023-09-03T17:13:20 IST" name="tearDown" finished-at="2023-09-03T17:13:21 IST" duration-ms="1402" status="PASS">
          <reporter-output>
          </reporter-output>
        </test-method> <!-- tearDown -->
      </class> <!-- Testcases.HomepageTest -->
    </test> <!-- Test -->
  </suite> <!-- Suite -->
</testng-results>
